[2025-12-17 14:30:42] DEBUG Created id for hash-table "hash_table_1"
[2025-12-17 14:30:42] INFO  Hash-table "hash_table_1" created
[2025-12-17 14:30:42] DEBUG Created id for stack "new_stk"
[2025-12-17 14:30:42] INFO  Hash updated
[2025-12-17 14:30:42] INFO  Stack "new_stk" is created
[2025-12-17 14:30:42] DEBUG PUSH 0x100189460 in "new_stk"
[2025-12-17 14:30:42] INFO  Hash is updated
[2025-12-17 14:30:42] DEBUG Created id for stack "new_stk"
[2025-12-17 14:30:42] INFO  Hash updated
[2025-12-17 14:30:42] INFO  Stack "new_stk" is created
[2025-12-17 14:30:42] DEBUG PUSH 0x100189480 in "new_stk"
[2025-12-17 14:30:42] INFO  Hash is updated
[2025-12-17 14:30:42] DEBUG Created id for stack "new_stk"
[2025-12-17 14:30:42] INFO  Hash updated
[2025-12-17 14:30:42] INFO  Stack "new_stk" is created
[2025-12-17 14:30:42] DEBUG PUSH 0x1001894a0 in "new_stk"
[2025-12-17 14:30:42] INFO  Hash is updated
[2025-12-17 14:30:42] DEBUG Created id for stack "&stk_ret"
[2025-12-17 14:30:42] INFO  Hash updated
[2025-12-17 14:30:42] INFO  Stack "&stk_ret" is created
[2025-12-17 14:30:42] INFO  Hash is updated
[2025-12-17 14:30:42] DEBUG POP 0x1001894a0 from "new_stk"
[2025-12-17 14:30:42] INFO  Stack "&stk_ret" is destroyed
[2025-12-17 14:30:42] INFO  Stack "new_stk" is destroyed
[2025-12-17 14:30:42] INFO  Stack "new_stk" is destroyed
[2025-12-17 14:30:42] INFO  Stack "new_stk" is destroyed
[2025-12-17 14:30:42] INFO  Hash-table "hash_table_1" destroyed
